[12-Oct-2014 09:42:08 UTC] PHP Fatal error:  Uncaught exception 'Exception' with message 'Facebook needs the CURL PHP extension.' in /home/ubuntu/workspace/photosV1/src/base_facebook.php:19
Stack trace:
#0 /home/ubuntu/workspace/photosV1/src/facebook.php(18): require_once()
#1 /home/ubuntu/workspace/photosV1/examples/get_phhotos_api.php(3): require('/home/ubuntu/wo...')
#2 {main}
  thrown in /home/ubuntu/workspace/photosV1/src/base_facebook.php on line 19
[12-Oct-2014 09:42:27 UTC] PHP Fatal error:  Uncaught exception 'Exception' with message 'Facebook needs the CURL PHP extension.' in /home/ubuntu/workspace/photosV1/src/base_facebook.php:19
Stack trace:
#0 /home/ubuntu/workspace/photosV1/src/facebook.php(18): require_once()
#1 /home/ubuntu/workspace/photosV1/examples/get_phhotos_api.php(3): require('/home/ubuntu/wo...')
#2 {main}
  thrown in /home/ubuntu/workspace/photosV1/src/base_facebook.php on line 19
[12-Oct-2014 09:45:53 UTC] PHP Fatal error:  Uncaught exception 'Exception' with message 'Facebook needs the CURL PHP extension.' in /home/ubuntu/workspace/photosV1/src/base_facebook.php:19
Stack trace:
#0 /home/ubuntu/workspace/photosV1/src/facebook.php(18): require_once()
#1 /home/ubuntu/workspace/photosV1/examples/get_phhotos_api.php(3): require('/home/ubuntu/wo...')
#2 {main}
  thrown in /home/ubuntu/workspace/photosV1/src/base_facebook.php on line 19
[12-Oct-2014 09:47:42 UTC] PHP Fatal error:  Uncaught exception 'Exception' with message 'Facebook needs the CURL PHP extension.' in /home/ubuntu/workspace/photosV1/src/base_facebook.php:19
Stack trace:
#0 /home/ubuntu/workspace/photosV1/src/facebook.php(18): require_once()
#1 /home/ubuntu/workspace/photosV1/examples/get_phhotos_api.php(3): require('/home/ubuntu/wo...')
#2 {main}
  thrown in /home/ubuntu/workspace/photosV1/src/base_facebook.php on line 19
[18-Oct-2014 06:45:15 UTC] PHP Fatal error:  Uncaught exception 'Exception' with message 'Facebook needs the CURL PHP extension.' in /home/ubuntu/workspace/photosV1/src/base_facebook.php:19
Stack trace:
#0 /home/ubuntu/workspace/photosV1/src/facebook.php(18): require_once()
#1 /home/ubuntu/workspace/photosV1/examples/example.php(18): require('/home/ubuntu/wo...')
#2 {main}
  thrown in /home/ubuntu/workspace/photosV1/src/base_facebook.php on line 19
[18-Oct-2014 06:45:24 UTC] PHP Fatal error:  Uncaught exception 'Exception' with message 'Facebook needs the CURL PHP extension.' in /home/ubuntu/workspace/photosV1/src/base_facebook.php:19
Stack trace:
#0 /home/ubuntu/workspace/photosV1/src/facebook.php(18): require_once()
#1 /home/ubuntu/workspace/photosV1/examples/example.php(18): require('/home/ubuntu/wo...')
#2 {main}
  thrown in /home/ubuntu/workspace/photosV1/src/base_facebook.php on line 19
[18-Oct-2014 06:49:54 UTC] PHP Fatal error:  Uncaught exception 'Exception' with message 'Facebook needs the CURL PHP extension.' in /home/ubuntu/workspace/photosV1/src/base_facebook.php:19
Stack trace:
#0 /home/ubuntu/workspace/photosV1/src/facebook.php(18): require_once()
#1 /home/ubuntu/workspace/photosV1/examples/example.php(18): require('/home/ubuntu/wo...')
#2 {main}
  thrown in /home/ubuntu/workspace/photosV1/src/base_facebook.php on line 19
[18-Oct-2014 06:50:04 UTC] PHP Fatal error:  Uncaught exception 'Exception' with message 'Facebook needs the CURL PHP extension.' in /home/ubuntu/workspace/photosV1/src/base_facebook.php:19
Stack trace:
#0 /home/ubuntu/workspace/photosV1/src/facebook.php(18): require_once()
#1 /home/ubuntu/workspace/photosV1/examples/getphotos.php(2): require('/home/ubuntu/wo...')
#2 {main}
  thrown in /home/ubuntu/workspace/photosV1/src/base_facebook.php on line 19
